{"name":"solid-stream-aggregator","hostname":"aggregator.201023.ilabt-imec-be.wall2.ilabt.iminds.be","pid":87891,"level":30,"msg":"http_server_started","time":"2024-01-17T15:48:07.603Z","v":0}
{"name":"solid-stream-aggregator","hostname":"aggregator.201023.ilabt-imec-be.wall2.ilabt.iminds.be","pid":87891,"level":30,"query_hashed":"e1d324e4da67e60c10074aa1a1d96556","msg":"isomorphic_check_done","time":"2024-01-17T15:48:14.880Z","v":0}
{"name":"solid-stream-aggregator","hostname":"aggregator.201023.ilabt-imec-be.wall2.ilabt.iminds.be","pid":87891,"level":30,"msg":"query_is_unique","time":"2024-01-17T15:48:14.880Z","v":0}
{"name":"solid-stream-aggregator","hostname":"aggregator.201023.ilabt-imec-be.wall2.ilabt.iminds.be","pid":87891,"level":30,"query_hashed":"e1d324e4da67e60c10074aa1a1d96556","msg":"stream_credentials_retrieved","time":"2024-01-17T15:48:14.886Z","v":0}
{"name":"solid-stream-aggregator","hostname":"aggregator.201023.ilabt-imec-be.wall2.ilabt.iminds.be","pid":87891,"level":30,"query_id":"e1d324e4da67e60c10074aa1a1d96556","msg":"unique_query_registered","time":"2024-01-17T15:48:14.894Z","v":0}
{"name":"solid-stream-aggregator","hostname":"aggregator.201023.ilabt-imec-be.wall2.ilabt.iminds.be","pid":87891,"level":30,"query_id":"e1d324e4da67e60c10074aa1a1d96556","msg":"file_streamer_started for http://n061-14a.wall2.ilabt.iminds.be:3000/participant6/bvp/","time":"2024-01-17T15:48:14.895Z","v":0}
{"name":"solid-stream-aggregator","hostname":"aggregator.201023.ilabt-imec-be.wall2.ilabt.iminds.be","pid":87891,"level":30,"query_id":"e1d324e4da67e60c10074aa1a1d96556","msg":"file_streamer_ended for http://n061-14a.wall2.ilabt.iminds.be:3000/participant6/bvp/","time":"2024-01-17T15:48:15.312Z","v":0}
{"name":"solid-stream-aggregator","hostname":"aggregator.201023.ilabt-imec-be.wall2.ilabt.iminds.be","pid":87891,"level":30,"query_id":"e1d324e4da67e60c10074aa1a1d96556","msg":"event_added_to_rsp_engine for http://n061-14a.wall2.ilabt.iminds.be:3000/participant6/bvp/","time":"2024-01-17T15:48:15.504Z","v":0}
{"name":"solid-stream-aggregator","hostname":"aggregator.201023.ilabt-imec-be.wall2.ilabt.iminds.be","pid":87891,"level":30,"query_id":"e1d324e4da67e60c10074aa1a1d96556","msg":"event_added_to_rsp_engine for http://n061-14a.wall2.ilabt.iminds.be:3000/participant6/bvp/","time":"2024-01-17T15:48:15.538Z","v":0}
{"name":"solid-stream-aggregator","hostname":"aggregator.201023.ilabt-imec-be.wall2.ilabt.iminds.be","pid":87891,"level":30,"query_id":"e1d324e4da67e60c10074aa1a1d96556","msg":"event_added_to_rsp_engine for http://n061-14a.wall2.ilabt.iminds.be:3000/participant6/bvp/","time":"2024-01-17T15:48:15.581Z","v":0}
{"name":"solid-stream-aggregator","hostname":"aggregator.201023.ilabt-imec-be.wall2.ilabt.iminds.be","pid":87891,"level":30,"query_id":"e1d324e4da67e60c10074aa1a1d96556","msg":"event_added_to_rsp_engine for http://n061-14a.wall2.ilabt.iminds.be:3000/participant6/bvp/","time":"2024-01-17T15:48:15.619Z","v":0}
{"name":"solid-stream-aggregator","hostname":"aggregator.201023.ilabt-imec-be.wall2.ilabt.iminds.be","pid":87891,"level":30,"query_id":"e1d324e4da67e60c10074aa1a1d96556","msg":"event_added_to_rsp_engine for http://n061-14a.wall2.ilabt.iminds.be:3000/participant6/bvp/","time":"2024-01-17T15:48:15.649Z","v":0}
{"name":"solid-stream-aggregator","hostname":"aggregator.201023.ilabt-imec-be.wall2.ilabt.iminds.be","pid":87891,"level":30,"query_id":"e1d324e4da67e60c10074aa1a1d96556","msg":"event_added_to_rsp_engine for http://n061-14a.wall2.ilabt.iminds.be:3000/participant6/bvp/","time":"2024-01-17T15:48:15.677Z","v":0}
{"name":"solid-stream-aggregator","hostname":"aggregator.201023.ilabt-imec-be.wall2.ilabt.iminds.be","pid":87891,"level":30,"query_id":"e1d324e4da67e60c10074aa1a1d96556","msg":"event_added_to_rsp_engine for http://n061-14a.wall2.ilabt.iminds.be:3000/participant6/bvp/","time":"2024-01-17T15:48:15.705Z","v":0}
{"name":"solid-stream-aggregator","hostname":"aggregator.201023.ilabt-imec-be.wall2.ilabt.iminds.be","pid":87891,"level":30,"query_id":"e1d324e4da67e60c10074aa1a1d96556","msg":"event_added_to_rsp_engine for http://n061-14a.wall2.ilabt.iminds.be:3000/participant6/bvp/","time":"2024-01-17T15:48:15.739Z","v":0}
{"name":"solid-stream-aggregator","hostname":"aggregator.201023.ilabt-imec-be.wall2.ilabt.iminds.be","pid":87891,"level":30,"query_id":"e1d324e4da67e60c10074aa1a1d96556","msg":"event_added_to_rsp_engine for http://n061-14a.wall2.ilabt.iminds.be:3000/participant6/bvp/","time":"2024-01-17T15:48:15.773Z","v":0}
{"name":"solid-stream-aggregator","hostname":"aggregator.201023.ilabt-imec-be.wall2.ilabt.iminds.be","pid":87891,"level":30,"query_id":"e1d324e4da67e60c10074aa1a1d96556","msg":"event_added_to_rsp_engine for http://n061-14a.wall2.ilabt.iminds.be:3000/participant6/bvp/","time":"2024-01-17T15:48:15.809Z","v":0}
{"name":"solid-stream-aggregator","hostname":"aggregator.201023.ilabt-imec-be.wall2.ilabt.iminds.be","pid":87891,"level":30,"query_id":"e1d324e4da67e60c10074aa1a1d96556","msg":"event_added_to_rsp_engine for http://n061-14a.wall2.ilabt.iminds.be:3000/participant6/bvp/","time":"2024-01-17T15:48:15.848Z","v":0}
{"name":"solid-stream-aggregator","hostname":"aggregator.201023.ilabt-imec-be.wall2.ilabt.iminds.be","pid":87891,"level":30,"query_id":"e1d324e4da67e60c10074aa1a1d96556","msg":"event_added_to_rsp_engine for http://n061-14a.wall2.ilabt.iminds.be:3000/participant6/bvp/","time":"2024-01-17T15:48:15.887Z","v":0}
{"name":"solid-stream-aggregator","hostname":"aggregator.201023.ilabt-imec-be.wall2.ilabt.iminds.be","pid":87891,"level":30,"query_id":"e1d324e4da67e60c10074aa1a1d96556","msg":"event_added_to_rsp_engine for http://n061-14a.wall2.ilabt.iminds.be:3000/participant6/bvp/","time":"2024-01-17T15:48:15.916Z","v":0}
{"name":"solid-stream-aggregator","hostname":"aggregator.201023.ilabt-imec-be.wall2.ilabt.iminds.be","pid":87891,"level":30,"query_id":"e1d324e4da67e60c10074aa1a1d96556","msg":"event_added_to_rsp_engine for http://n061-14a.wall2.ilabt.iminds.be:3000/participant6/bvp/","time":"2024-01-17T15:48:16.007Z","v":0}
{"name":"solid-stream-aggregator","hostname":"aggregator.201023.ilabt-imec-be.wall2.ilabt.iminds.be","pid":87891,"level":30,"query_id":"e1d324e4da67e60c10074aa1a1d96556","msg":"event_added_to_rsp_engine for http://n061-14a.wall2.ilabt.iminds.be:3000/participant6/bvp/","time":"2024-01-17T15:48:16.037Z","v":0}
{"name":"solid-stream-aggregator","hostname":"aggregator.201023.ilabt-imec-be.wall2.ilabt.iminds.be","pid":87891,"level":30,"query_id":"e1d324e4da67e60c10074aa1a1d96556","msg":"event_added_to_rsp_engine for http://n061-14a.wall2.ilabt.iminds.be:3000/participant6/bvp/","time":"2024-01-17T15:48:16.066Z","v":0}
{"name":"solid-stream-aggregator","hostname":"aggregator.201023.ilabt-imec-be.wall2.ilabt.iminds.be","pid":87891,"level":30,"query_id":"e1d324e4da67e60c10074aa1a1d96556","msg":"event_added_to_rsp_engine for http://n061-14a.wall2.ilabt.iminds.be:3000/participant6/bvp/","time":"2024-01-17T15:48:16.098Z","v":0}
{"name":"solid-stream-aggregator","hostname":"aggregator.201023.ilabt-imec-be.wall2.ilabt.iminds.be","pid":87891,"level":30,"query_id":"e1d324e4da67e60c10074aa1a1d96556","msg":"event_added_to_rsp_engine for http://n061-14a.wall2.ilabt.iminds.be:3000/participant6/bvp/","time":"2024-01-17T15:48:16.127Z","v":0}
{"name":"solid-stream-aggregator","hostname":"aggregator.201023.ilabt-imec-be.wall2.ilabt.iminds.be","pid":87891,"level":30,"query_id":"e1d324e4da67e60c10074aa1a1d96556","msg":"event_added_to_rsp_engine for http://n061-14a.wall2.ilabt.iminds.be:3000/participant6/bvp/","time":"2024-01-17T15:48:16.155Z","v":0}
{"name":"solid-stream-aggregator","hostname":"aggregator.201023.ilabt-imec-be.wall2.ilabt.iminds.be","pid":87891,"level":30,"query_id":"e1d324e4da67e60c10074aa1a1d96556","msg":"event_added_to_rsp_engine for http://n061-14a.wall2.ilabt.iminds.be:3000/participant6/bvp/","time":"2024-01-17T15:48:16.180Z","v":0}
{"name":"solid-stream-aggregator","hostname":"aggregator.201023.ilabt-imec-be.wall2.ilabt.iminds.be","pid":87891,"level":30,"query_id":"e1d324e4da67e60c10074aa1a1d96556","msg":"aggregation_event_sent_to_client","time":"2024-01-17T15:48:16.378Z","v":0}
{"name":"solid-stream-aggregator","hostname":"aggregator.201023.ilabt-imec-be.wall2.ilabt.iminds.be","pid":87891,"level":30,"query_id":"e1d324e4da67e60c10074aa1a1d96556","msg":"aggregation_event_sent_to_client","time":"2024-01-17T15:48:16.415Z","v":0}
{"name":"solid-stream-aggregator","hostname":"aggregator.201023.ilabt-imec-be.wall2.ilabt.iminds.be","pid":87891,"level":30,"query_id":"e1d324e4da67e60c10074aa1a1d96556","msg":"aggregation_event_sent_to_client","time":"2024-01-17T15:48:16.443Z","v":0}
{"name":"solid-stream-aggregator","hostname":"aggregator.201023.ilabt-imec-be.wall2.ilabt.iminds.be","pid":87891,"level":30,"query_id":"e1d324e4da67e60c10074aa1a1d96556","msg":"aggregation_event_sent_to_client","time":"2024-01-17T15:48:16.459Z","v":0}
{"name":"solid-stream-aggregator","hostname":"aggregator.201023.ilabt-imec-be.wall2.ilabt.iminds.be","pid":87891,"level":30,"query_id":"e1d324e4da67e60c10074aa1a1d96556","msg":"aggregation_event_sent_to_client","time":"2024-01-17T15:48:16.477Z","v":0}
{"name":"solid-stream-aggregator","hostname":"aggregator.201023.ilabt-imec-be.wall2.ilabt.iminds.be","pid":87891,"level":30,"query_id":"e1d324e4da67e60c10074aa1a1d96556","msg":"aggregation_event_sent_to_client","time":"2024-01-17T15:48:16.494Z","v":0}
{"name":"solid-stream-aggregator","hostname":"aggregator.201023.ilabt-imec-be.wall2.ilabt.iminds.be","pid":87891,"level":30,"query_id":"e1d324e4da67e60c10074aa1a1d96556","msg":"aggregation_event_sent_to_client","time":"2024-01-17T15:48:16.509Z","v":0}
{"name":"solid-stream-aggregator","hostname":"aggregator.201023.ilabt-imec-be.wall2.ilabt.iminds.be","pid":87891,"level":30,"query_id":"e1d324e4da67e60c10074aa1a1d96556","msg":"aggregation_event_sent_to_client","time":"2024-01-17T15:48:16.520Z","v":0}
{"name":"solid-stream-aggregator","hostname":"aggregator.201023.ilabt-imec-be.wall2.ilabt.iminds.be","pid":87891,"level":30,"query_id":"e1d324e4da67e60c10074aa1a1d96556","msg":"aggregation_event_sent_to_client","time":"2024-01-17T15:48:16.537Z","v":0}
{"name":"solid-stream-aggregator","hostname":"aggregator.201023.ilabt-imec-be.wall2.ilabt.iminds.be","pid":87891,"level":30,"query_id":"e1d324e4da67e60c10074aa1a1d96556","msg":"aggregation_event_sent_to_client","time":"2024-01-17T15:48:16.801Z","v":0}
{"name":"solid-stream-aggregator","hostname":"aggregator.201023.ilabt-imec-be.wall2.ilabt.iminds.be","pid":87891,"level":30,"query_id":"e1d324e4da67e60c10074aa1a1d96556","msg":"aggregation_event_sent_to_client","time":"2024-01-17T15:48:16.811Z","v":0}
{"name":"solid-stream-aggregator","hostname":"aggregator.201023.ilabt-imec-be.wall2.ilabt.iminds.be","pid":87891,"level":30,"query_id":"e1d324e4da67e60c10074aa1a1d96556","msg":"aggregation_event_sent_to_client","time":"2024-01-17T15:48:16.819Z","v":0}
{"name":"solid-stream-aggregator","hostname":"aggregator.201023.ilabt-imec-be.wall2.ilabt.iminds.be","pid":87891,"level":30,"query_id":"e1d324e4da67e60c10074aa1a1d96556","msg":"aggregation_event_sent_to_client","time":"2024-01-17T15:48:16.865Z","v":0}
{"name":"solid-stream-aggregator","hostname":"aggregator.201023.ilabt-imec-be.wall2.ilabt.iminds.be","pid":87891,"level":30,"query_id":"e1d324e4da67e60c10074aa1a1d96556","msg":"aggregation_event_sent_to_client","time":"2024-01-17T15:48:16.872Z","v":0}
{"name":"solid-stream-aggregator","hostname":"aggregator.201023.ilabt-imec-be.wall2.ilabt.iminds.be","pid":87891,"level":30,"query_id":"e1d324e4da67e60c10074aa1a1d96556","msg":"aggregation_event_sent_to_client","time":"2024-01-17T15:48:16.896Z","v":0}
{"name":"solid-stream-aggregator","hostname":"aggregator.201023.ilabt-imec-be.wall2.ilabt.iminds.be","pid":87891,"level":30,"query_id":"e1d324e4da67e60c10074aa1a1d96556","msg":"aggregation_event_sent_to_client","time":"2024-01-17T15:48:16.900Z","v":0}
{"name":"solid-stream-aggregator","hostname":"aggregator.201023.ilabt-imec-be.wall2.ilabt.iminds.be","pid":87891,"level":30,"query_id":"e1d324e4da67e60c10074aa1a1d96556","msg":"aggregation_event_sent_to_client","time":"2024-01-17T15:48:16.903Z","v":0}
{"name":"solid-stream-aggregator","hostname":"aggregator.201023.ilabt-imec-be.wall2.ilabt.iminds.be","pid":87891,"level":30,"query_id":"e1d324e4da67e60c10074aa1a1d96556","msg":"aggregation_event_sent_to_client","time":"2024-01-17T15:48:16.905Z","v":0}
